# JRE version: Java(TM) SE Runtime Environment (20.0.2+9) (build 20.0.2+9-78)
# Java VM: Java HotSpot(TM) 64-Bit Server VM (20.0.2+9-78, mixed mode, emulated-client, sharing, tiered, compressed oops, compressed class ptrs, g1 gc, windows-amd64)
GC Precious Log:
 CardTable entry size: 512
 Card Set container configuration: InlinePtr #cards 5 size 8 Array Of Cards #cards 12 size 40 Howl #buckets 4 coarsen threshold 1843 Howl Bitmap #cards 512 size 80 coarsen threshold 460 Card regions per heap region 1 cards per card region 2048
 CPUs: 4 total, 4 available
 Memory: 8075M
 Large Page Support: Disabled
 NUMA Support: Disabled
 Compressed Oops: Enabled (32-bit)
 Heap Region Size: 1M
 Heap Min Capacity: 8M
 Heap Initial Capacity: 128M
 Heap Max Capacity: 1G
 Pre-touch: Disabled
 Parallel Workers: 4
 Concurrent Workers: 1
 Concurrent Refinement Workers: 4
 Periodic GC: Disabled
Heap:
 garbage-first heap   total 122880K, used 38863K [0x00000000c0000000, 0x0000000100000000)
  region size 1024K, 1 young (1024K), 0 survivors (0K)
 Metaspace       used 58756K, committed 59328K, reserved 1114112K
  class space    used 7967K, committed 8192K, reserved 1048576K
GC Heap History (20 events):
Event: 1108.901 GC heap after
{Heap after GC invocations=147 (full 96):
 garbage-first heap   total 122880K, used 38815K [0x00000000c0000000, 0x0000000100000000)
  region size 1024K, 0 young (0K), 0 survivors (0K)
 Metaspace       used 58630K, committed 59200K, reserved 1114112K
  class space    used 7946K, committed 8192K, reserved 1048576K
}
Event: 1119.118 GC heap before
{Heap before GC invocations=147 (full 96):
 garbage-first heap   total 122880K, used 38815K [0x00000000c0000000, 0x0000000100000000)
  region size 1024K, 1 young (1024K), 0 survivors (0K)
 Metaspace       used 58630K, committed 59200K, reserved 1114112K
  class space    used 7946K, committed 8192K, reserved 1048576K
}
Event: 1119.185 GC heap after
{Heap after GC invocations=148 (full 97):
 garbage-first heap   total 122880K, used 38815K [0x00000000c0000000, 0x0000000100000000)
  region size 1024K, 0 young (0K), 0 survivors (0K)
 Metaspace       used 58630K, committed 59200K, reserved 1114112K
  class space    used 7946K, committed 8192K, reserved 1048576K
}
Event: 1129.357 GC heap before
{Heap before GC invocations=148 (full 97):
 garbage-first heap   total 122880K, used 38815K [0x00000000c0000000, 0x0000000100000000)
  region size 1024K, 1 young (1024K), 0 survivors (0K)
 Metaspace       used 58630K, committed 59200K, reserved 1114112K
  class space    used 7946K, committed 8192K, reserved 1048576K
}
Event: 1129.424 GC heap after
{Heap after GC invocations=149 (full 98):
 garbage-first heap   total 122880K, used 38815K [0x00000000c0000000, 0x0000000100000000)
  region size 1024K, 0 young (0K), 0 survivors (0K)
 Metaspace       used 58630K, committed 59200K, reserved 1114112K
  class space    used 7946K, committed 8192K, reserved 1048576K
}
Event: 1139.594 GC heap before
{Heap before GC invocations=149 (full 98):
 garbage-first heap   total 122880K, used 38815K [0x00000000c0000000, 0x0000000100000000)
  region size 1024K, 1 young (1024K), 0 survivors (0K)
 Metaspace       used 58630K, committed 59200K, reserved 1114112K
  class space    used 7946K, committed 8192K, reserved 1048576K
}
Event: 1139.662 GC heap after
{Heap after GC invocations=150 (full 99):
 garbage-first heap   total 122880K, used 38815K [0x00000000c0000000, 0x0000000100000000)
  region size 1024K, 0 young (0K), 0 survivors (0K)
 Metaspace       used 58630K, committed 59200K, reserved 1114112K
  class space    used 7946K, committed 8192K, reserved 1048576K
}
Event: 1179.899 GC heap before
{Heap before GC invocations=150 (full 99):
 garbage-first heap   total 122880K, used 40863K [0x00000000c0000000, 0x0000000100000000)
  region size 1024K, 3 young (3072K), 0 survivors (0K)
 Metaspace       used 58757K, committed 59264K, reserved 1114112K
  class space    used 7967K, committed 8192K, reserved 1048576K
}
Event: 1179.972 GC heap after
{Heap after GC invocations=151 (full 100):
 garbage-first heap   total 122880K, used 39271K [0x00000000c0000000, 0x0000000100000000)
  region size 1024K, 0 young (0K), 0 survivors (0K)
 Metaspace       used 58757K, committed 59264K, reserved 1114112K
  class space    used 7967K, committed 8192K, reserved 1048576K
}
Event: 1190.131 GC heap before
{Heap before GC invocations=151 (full 100):
 garbage-first heap   total 122880K, used 39271K [0x00000000c0000000, 0x0000000100000000)
  region size 1024K, 1 young (1024K), 0 survivors (0K)
 Metaspace       used 58757K, committed 59264K, reserved 1114112K
  class space    used 7967K, committed 8192K, reserved 1048576K
}
Event: 1190.219 GC heap after
{Heap after GC invocations=152 (full 101):
 garbage-first heap   total 122880K, used 39279K [0x00000000c0000000, 0x0000000100000000)
  region size 1024K, 0 young (0K), 0 survivors (0K)
 Metaspace       used 58757K, committed 59264K, reserved 1114112K
  class space    used 7967K, committed 8192K, reserved 1048576K
}
Event: 1470.614 GC heap before
{Heap before GC invocations=152 (full 101):
 garbage-first heap   total 122880K, used 41327K [0x00000000c0000000, 0x0000000100000000)
  region size 1024K, 3 young (3072K), 0 survivors (0K)
 Metaspace       used 58763K, committed 59328K, reserved 1114112K
  class space    used 7969K, committed 8192K, reserved 1048576K
}
Event: 1470.669 GC heap after
{Heap after GC invocations=153 (full 102):
 garbage-first heap   total 122880K, used 39279K [0x00000000c0000000, 0x0000000100000000)
  region size 1024K, 0 young (0K), 0 survivors (0K)
 Metaspace       used 58763K, committed 59328K, reserved 1114112K
  class space    used 7969K, committed 8192K, reserved 1048576K
}
Event: 1480.833 GC heap before
{Heap before GC invocations=153 (full 102):
 garbage-first heap   total 122880K, used 39279K [0x00000000c0000000, 0x0000000100000000)
  region size 1024K, 1 young (1024K), 0 survivors (0K)
 Metaspace       used 58763K, committed 59328K, reserved 1114112K
  class space    used 7969K, committed 8192K, reserved 1048576K
}
Event: 1480.916 GC heap after
{Heap after GC invocations=154 (full 103):
 garbage-first heap   total 122880K, used 38863K [0x00000000c0000000, 0x0000000100000000)
  region size 1024K, 0 young (0K), 0 survivors (0K)
 Metaspace       used 58756K, committed 59328K, reserved 1114112K
  class space    used 7967K, committed 8192K, reserved 1048576K
}
Event: 1521.167 GC heap before
{Heap before GC invocations=154 (full 103):
 garbage-first heap   total 122880K, used 38863K [0x00000000c0000000, 0x0000000100000000)
  region size 1024K, 1 young (1024K), 0 survivors (0K)
 Metaspace       used 58756K, committed 59328K, reserved 1114112K
  class space    used 7967K, committed 8192K, reserved 1048576K
}
Event: 1521.216 GC heap after
{Heap after GC invocations=155 (full 104):
 garbage-first heap   total 122880K, used 38863K [0x00000000c0000000, 0x0000000100000000)
  region size 1024K, 0 young (0K), 0 survivors (0K)
 Metaspace       used 58756K, committed 59328K, reserved 1114112K
  class space    used 7967K, committed 8192K, reserved 1048576K
}
Event: 1531.690 GC heap before
{Heap before GC invocations=155 (full 104):
 garbage-first heap   total 122880K, used 38863K [0x00000000c0000000, 0x0000000100000000)
  region size 1024K, 1 young (1024K), 0 survivors (0K)
 Metaspace       used 58756K, committed 59328K, reserved 1114112K
  class space    used 7967K, committed 8192K, reserved 1048576K
}
Event: 1531.771 GC heap after
{Heap after GC invocations=156 (full 105):
 garbage-first heap   total 122880K, used 38863K [0x00000000c0000000, 0x0000000100000000)
  region size 1024K, 0 young (0K), 0 survivors (0K)
 Metaspace       used 58756K, committed 59328K, reserved 1114112K
  class space    used 7967K, committed 8192K, reserved 1048576K
}
Event: 1541.876 GC heap before
{Heap before GC invocations=156 (full 105):
 garbage-first heap   total 122880K, used 38863K [0x00000000c0000000, 0x0000000100000000)
  region size 1024K, 1 young (1024K), 0 survivors (0K)
 Metaspace       used 58756K, committed 59328K, reserved 1114112K
  class space    used 7967K, committed 8192K, reserved 1048576K
}

